<?xml version="1.0" encoding="UTF-8"?>
<!-- Generated by org.testng.reporters.JUnitReportReporter -->
<testsuite hostname="SUBBU" failures="0" tests="5" name="orangehrm.Dataprovider" time="9.938" errors="0" timestamp="2023-11-28T17:49:54 IST" skipped="0">
  <testcase classname="orangehrm.Dataprovider" name="validate_Login" time="1.393"/>
  <system-out>
    <![CDATA[Login Success::dashboard     http://orangehrm.qedgetech.com/symfony/web/index.php/dashboard]]>
  </system-out>
  <testcase classname="orangehrm.Dataprovider" name="validate_Login" time="1.922"/>
  <system-out>
    <![CDATA[Login Success::dashboard     http://orangehrm.qedgetech.com/symfony/web/index.php/dashboard]]>
  </system-out>
  <testcase classname="orangehrm.Dataprovider" name="validate_Login" time="1.927"/>
  <system-out>
    <![CDATA[Login Success::dashboard     http://orangehrm.qedgetech.com/symfony/web/index.php/dashboard]]>
  </system-out>
  <testcase classname="orangehrm.Dataprovider" name="validate_Login" time="3.644"/>
  <system-out>
    <![CDATA[Login Success::dashboard     http://orangehrm.qedgetech.com/symfony/web/index.php/dashboard]]>
  </system-out>
  <testcase classname="orangehrm.Dataprovider" name="validate_Login" time="1.052"/>
  <system-out>
    <![CDATA[Login Fail::dashboard     http://orangehrm.qedgetech.com/symfony/web/index.php/auth/validateCredentials]]>
  </system-out>
</testsuite> <!-- orangehrm.Dataprovider -->
